# JRE version: OpenJDK Runtime Environment (8.0_222-b10) (build 1.8.0_222-8u222-b10-1ubuntu1~16.04.1-b10)
# Java VM: OpenJDK 64-Bit Server VM (25.222-b10 mixed mode linux-amd64 compressed oops)
Heap:
 PSYoungGen      total 323584K, used 318752K [0x00000000d6f00000, 0x00000000ed080000, 0x0000000100000000)
  eden space 296448K, 100% used [0x00000000d6f00000,0x00000000e9080000,0x00000000e9080000)
  from space 27136K, 82% used [0x00000000eb600000,0x00000000ecbc82d0,0x00000000ed080000)
  to   space 32768K, 62% used [0x00000000e9080000,0x00000000ea462a08,0x00000000eb080000)
 ParOldGen       total 185856K, used 57787K [0x0000000084c00000, 0x0000000090180000, 0x00000000d6f00000)
  object space 185856K, 31% used [0x0000000084c00000,0x000000008846eeb8,0x0000000090180000)
 Metaspace       used 74449K, capacity 75992K, committed 76312K, reserved 1116160K
  class space    used 8773K, capacity 9148K, committed 9264K, reserved 1048576K
GC Heap History (10 events):
Event: 15,520 GC heap after
Heap after GC invocations=9 (full 2):
 PSYoungGen      total 261632K, used 0K [0x00000000d6f00000, 0x00000000e9d80000, 0x0000000100000000)
  eden space 241664K, 0% used [0x00000000d6f00000,0x00000000d6f00000,0x00000000e5b00000)
  from space 19968K, 0% used [0x00000000e5b00000,0x00000000e5b00000,0x00000000e6e80000)
  to   space 28672K, 0% used [0x00000000e8180000,0x00000000e8180000,0x00000000e9d80000)
 ParOldGen       total 133120K, used 39185K [0x0000000084c00000, 0x000000008ce00000, 0x00000000d6f00000)
  object space 133120K, 29% used [0x0000000084c00000,0x0000000087244578,0x000000008ce00000)
 Metaspace       used 34613K, capacity 35292K, committed 35496K, reserved 1081344K
  class space    used 4014K, capacity 4224K, committed 4272K, reserved 1048576K
}
Event: 18,997 GC heap before
{Heap before GC invocations=10 (full 2):
 PSYoungGen      total 261632K, used 241664K [0x00000000d6f00000, 0x00000000e9d80000, 0x0000000100000000)
  eden space 241664K, 100% used [0x00000000d6f00000,0x00000000e5b00000,0x00000000e5b00000)
  from space 19968K, 0% used [0x00000000e5b00000,0x00000000e5b00000,0x00000000e6e80000)
  to   space 28672K, 0% used [0x00000000e8180000,0x00000000e8180000,0x00000000e9d80000)
 ParOldGen       total 133120K, used 39185K [0x0000000084c00000, 0x000000008ce00000, 0x00000000d6f00000)
  object space 133120K, 29% used [0x0000000084c00000,0x0000000087244578,0x000000008ce00000)
 Metaspace       used 42387K, capacity 43194K, committed 43432K, reserved 1087488K
  class space    used 4975K, capacity 5221K, committed 5296K, reserved 1048576K
Event: 19,033 GC heap after
Heap after GC invocations=10 (full 2):
 PSYoungGen      total 282112K, used 15117K [0x00000000d6f00000, 0x00000000ee480000, 0x0000000100000000)
  eden space 253440K, 0% used [0x00000000d6f00000,0x00000000d6f00000,0x00000000e6680000)
  from space 28672K, 52% used [0x00000000e8180000,0x00000000e90435f0,0x00000000e9d80000)
  to   space 27648K, 0% used [0x00000000e6680000,0x00000000e6680000,0x00000000e8180000)
 ParOldGen       total 133120K, used 39193K [0x0000000084c00000, 0x000000008ce00000, 0x00000000d6f00000)
  object space 133120K, 29% used [0x0000000084c00000,0x0000000087246578,0x000000008ce00000)
 Metaspace       used 42387K, capacity 43194K, committed 43432K, reserved 1087488K
  class space    used 4975K, capacity 5221K, committed 5296K, reserved 1048576K
}
Event: 25,365 GC heap before
{Heap before GC invocations=11 (full 2):
 PSYoungGen      total 282112K, used 235825K [0x00000000d6f00000, 0x00000000ee480000, 0x0000000100000000)
  eden space 253440K, 87% used [0x00000000d6f00000,0x00000000e4689150,0x00000000e6680000)
  from space 28672K, 52% used [0x00000000e8180000,0x00000000e90435f0,0x00000000e9d80000)
  to   space 27648K, 0% used [0x00000000e6680000,0x00000000e6680000,0x00000000e8180000)
 ParOldGen       total 133120K, used 39193K [0x0000000084c00000, 0x000000008ce00000, 0x00000000d6f00000)
  object space 133120K, 29% used [0x0000000084c00000,0x0000000087246578,0x000000008ce00000)
 Metaspace       used 57868K, capacity 58716K, committed 59160K, reserved 1101824K
  class space    used 6944K, capacity 7194K, committed 7216K, reserved 1048576K
Event: 25,408 GC heap after
Heap after GC invocations=11 (full 2):
 PSYoungGen      total 281088K, used 27147K [0x00000000d6f00000, 0x00000000ed500000, 0x0000000100000000)
  eden space 253440K, 0% used [0x00000000d6f00000,0x00000000d6f00000,0x00000000e6680000)
  from space 27648K, 98% used [0x00000000e6680000,0x00000000e8102ef8,0x00000000e8180000)
  to   space 31744K, 0% used [0x00000000eb600000,0x00000000eb600000,0x00000000ed500000)
 ParOldGen       total 133120K, used 39201K [0x0000000084c00000, 0x000000008ce00000, 0x00000000d6f00000)
  object space 133120K, 29% used [0x0000000084c00000,0x0000000087248578,0x000000008ce00000)
 Metaspace       used 57868K, capacity 58716K, committed 59160K, reserved 1101824K
  class space    used 6944K, capacity 7194K, committed 7216K, reserved 1048576K
}
Event: 25,408 GC heap before
{Heap before GC invocations=12 (full 3):
 PSYoungGen      total 281088K, used 27147K [0x00000000d6f00000, 0x00000000ed500000, 0x0000000100000000)
  eden space 253440K, 0% used [0x00000000d6f00000,0x00000000d6f00000,0x00000000e6680000)
  from space 27648K, 98% used [0x00000000e6680000,0x00000000e8102ef8,0x00000000e8180000)
  to   space 31744K, 0% used [0x00000000eb600000,0x00000000eb600000,0x00000000ed500000)
 ParOldGen       total 133120K, used 39201K [0x0000000084c00000, 0x000000008ce00000, 0x00000000d6f00000)
  object space 133120K, 29% used [0x0000000084c00000,0x0000000087248578,0x000000008ce00000)
 Metaspace       used 57868K, capacity 58716K, committed 59160K, reserved 1101824K
  class space    used 6944K, capacity 7194K, committed 7216K, reserved 1048576K
Event: 25,725 GC heap after
Heap after GC invocations=12 (full 3):
 PSYoungGen      total 281088K, used 0K [0x00000000d6f00000, 0x00000000ed500000, 0x0000000100000000)
  eden space 253440K, 0% used [0x00000000d6f00000,0x00000000d6f00000,0x00000000e6680000)
  from space 27648K, 0% used [0x00000000e6680000,0x00000000e6680000,0x00000000e8180000)
  to   space 31744K, 0% used [0x00000000eb600000,0x00000000eb600000,0x00000000ed500000)
 ParOldGen       total 185856K, used 57771K [0x0000000084c00000, 0x0000000090180000, 0x00000000d6f00000)
  object space 185856K, 31% used [0x0000000084c00000,0x000000008846aeb8,0x0000000090180000)
 Metaspace       used 57868K, capacity 58716K, committed 59160K, reserved 1101824K
  class space    used 6944K, capacity 7194K, committed 7216K, reserved 1048576K
}
Event: 31,827 GC heap before
{Heap before GC invocations=13 (full 3):
 PSYoungGen      total 281088K, used 253440K [0x00000000d6f00000, 0x00000000ed500000, 0x0000000100000000)
  eden space 253440K, 100% used [0x00000000d6f00000,0x00000000e6680000,0x00000000e6680000)
  from space 27648K, 0% used [0x00000000e6680000,0x00000000e6680000,0x00000000e8180000)
  to   space 31744K, 0% used [0x00000000eb600000,0x00000000eb600000,0x00000000ed500000)
 ParOldGen       total 185856K, used 57771K [0x0000000084c00000, 0x0000000090180000, 0x00000000d6f00000)
  object space 185856K, 31% used [0x0000000084c00000,0x000000008846aeb8,0x0000000090180000)
 Metaspace       used 66983K, capacity 68090K, committed 68504K, reserved 1110016K
  class space    used 8012K, capacity 8299K, committed 8368K, reserved 1048576K
Event: 31,872 GC heap after
Heap after GC invocations=13 (full 3):
 PSYoungGen      total 323584K, used 22304K [0x00000000d6f00000, 0x00000000ed080000, 0x0000000100000000)
  eden space 296448K, 0% used [0x00000000d6f00000,0x00000000d6f00000,0x00000000e9080000)
  from space 27136K, 82% used [0x00000000eb600000,0x00000000ecbc82d0,0x00000000ed080000)
  to   space 32768K, 0% used [0x00000000e9080000,0x00000000e9080000,0x00000000eb080000)
 ParOldGen       total 185856K, used 57779K [0x0000000084c00000, 0x0000000090180000, 0x00000000d6f00000)
  object space 185856K, 31% used [0x0000000084c00000,0x000000008846ceb8,0x0000000090180000)
 Metaspace       used 66983K, capacity 68090K, committed 68504K, reserved 1110016K
  class space    used 8012K, capacity 8299K, committed 8368K, reserved 1048576K
}
Event: 2211,960 GC heap before
{Heap before GC invocations=14 (full 3):
 PSYoungGen      total 323584K, used 318752K [0x00000000d6f00000, 0x00000000ed080000, 0x0000000100000000)
  eden space 296448K, 100% used [0x00000000d6f00000,0x00000000e9080000,0x00000000e9080000)
  from space 27136K, 82% used [0x00000000eb600000,0x00000000ecbc82d0,0x00000000ed080000)
  to   space 32768K, 0% used [0x00000000e9080000,0x00000000e9080000,0x00000000eb080000)
 ParOldGen       total 185856K, used 57779K [0x0000000084c00000, 0x0000000090180000, 0x00000000d6f00000)
  object space 185856K, 31% used [0x0000000084c00000,0x000000008846ceb8,0x0000000090180000)
 Metaspace       used 74449K, capacity 75992K, committed 76312K, reserved 1116160K
  class space    used 8773K, capacity 9148K, committed 9264K, reserved 1048576K

